[debug] [2022-04-16T23:02:59.306Z] ----------------------------------------------------------------------
[debug] [2022-04-16T23:02:59.309Z] Command:       C:\Program Files\nodejs\node.exe C:\Users\Bahani Billel\AppData\Roaming\npm\node_modules\firebase-tools\lib\bin\firebase.js deploy
[debug] [2022-04-16T23:02:59.310Z] CLI Version:   10.6.0
[debug] [2022-04-16T23:02:59.310Z] Platform:      win32
[debug] [2022-04-16T23:02:59.310Z] Node Version:  v17.3.0
[debug] [2022-04-16T23:02:59.311Z] Time:          Sun Apr 17 2022 00:02:59 GMT+0100 (West Africa Standard Time)
[debug] [2022-04-16T23:02:59.312Z] ----------------------------------------------------------------------
[debug] 
[debug] [2022-04-16T23:02:59.446Z] > command requires scopes: ["email","openid","https://www.googleapis.com/auth/cloudplatformprojects.readonly","https://www.googleapis.com/auth/firebase","https://www.googleapis.com/auth/cloud-platform"]
[debug] [2022-04-16T23:02:59.447Z] > authorizing via signed-in user (billel.bahani@gmail.com)
[debug] [2022-04-16T23:02:59.447Z] [iam] checking project sal-mdjareb for permissions ["firebase.projects.get","firebasehosting.sites.update"]
[debug] [2022-04-16T23:02:59.452Z] >>> [apiv2][query] POST https://cloudresourcemanager.googleapis.com/v1/projects/sal-mdjareb:testIamPermissions [none]
[debug] [2022-04-16T23:02:59.452Z] >>> [apiv2][body] POST https://cloudresourcemanager.googleapis.com/v1/projects/sal-mdjareb:testIamPermissions {"permissions":["firebase.projects.get","firebasehosting.sites.update"]}
[debug] [2022-04-16T23:03:01.821Z] <<< [apiv2][status] POST https://cloudresourcemanager.googleapis.com/v1/projects/sal-mdjareb:testIamPermissions 200
[debug] [2022-04-16T23:03:01.821Z] <<< [apiv2][body] POST https://cloudresourcemanager.googleapis.com/v1/projects/sal-mdjareb:testIamPermissions {"permissions":["firebase.projects.get","firebasehosting.sites.update"]}
[debug] [2022-04-16T23:03:01.826Z] >>> [apiv2][query] GET https://firebase.googleapis.com/v1beta1/projects/sal-mdjareb [none]
[debug] [2022-04-16T23:03:02.791Z] <<< [apiv2][status] GET https://firebase.googleapis.com/v1beta1/projects/sal-mdjareb 200
[debug] [2022-04-16T23:03:02.792Z] <<< [apiv2][body] GET https://firebase.googleapis.com/v1beta1/projects/sal-mdjareb {"projectId":"sal-mdjareb","projectNumber":"817409572786","displayName":"SAL-MDJAREB","name":"projects/sal-mdjareb","resources":{"hostingSite":"sal-mdjareb","storageBucket":"sal-mdjareb.appspot.com","locationId":"us-central"},"state":"ACTIVE"}
[info] 
[info] === Deploying to 'sal-mdjareb'...
[info] 
[info] i  deploying hosting 
[debug] [2022-04-16T23:03:02.805Z] >>> [apiv2][query] GET https://firebase.googleapis.com/v1beta1/projects/sal-mdjareb [none]
[debug] [2022-04-16T23:03:04.142Z] <<< [apiv2][status] GET https://firebase.googleapis.com/v1beta1/projects/sal-mdjareb 200
[debug] [2022-04-16T23:03:04.143Z] <<< [apiv2][body] GET https://firebase.googleapis.com/v1beta1/projects/sal-mdjareb {"projectId":"sal-mdjareb","projectNumber":"817409572786","displayName":"SAL-MDJAREB","name":"projects/sal-mdjareb","resources":{"hostingSite":"sal-mdjareb","storageBucket":"sal-mdjareb.appspot.com","locationId":"us-central"},"state":"ACTIVE"}
[debug] [2022-04-16T23:03:04.150Z] >>> [apiv2][query] POST https://firebasehosting.googleapis.com/v1beta1/projects/817409572786/sites/sal-mdjareb/versions [none]
[debug] [2022-04-16T23:03:04.150Z] >>> [apiv2][body] POST https://firebasehosting.googleapis.com/v1beta1/projects/817409572786/sites/sal-mdjareb/versions {"config":{"rewrites":[{"glob":"**","path":"/index.html"}]},"labels":{"deployment-tool":"cli-firebase"}}
[debug] [2022-04-16T23:03:06.650Z] <<< [apiv2][status] POST https://firebasehosting.googleapis.com/v1beta1/projects/817409572786/sites/sal-mdjareb/versions 200
[debug] [2022-04-16T23:03:06.650Z] <<< [apiv2][body] POST https://firebasehosting.googleapis.com/v1beta1/projects/817409572786/sites/sal-mdjareb/versions {"name":"projects/817409572786/sites/sal-mdjareb/versions/af3feff6b53f6e86","status":"CREATED","config":{"rewrites":[{"glob":"**","path":"/index.html"}]},"labels":{"deployment-tool":"cli-firebase"}}
[info] i  hosting[sal-mdjareb]: beginning deploy... 
[info] i  hosting[sal-mdjareb]: found 27 files in build 
[debug] [2022-04-16T23:03:06.698Z] [hosting] uploading with 200 concurrency
[debug] [2022-04-16T23:03:06.712Z] [hosting] hash cache [YnVpbGQ] stored for 27 files
[debug] [2022-04-16T23:03:06.713Z] [hosting][hash queue][FINAL] {"max":6,"min":1,"avg":1,"active":0,"complete":27,"success":27,"errored":0,"retried":0,"total":27,"elapsed":11}
[debug] [2022-04-16T23:03:06.713Z] >>> [apiv2][query] POST https://firebasehosting.googleapis.com/v1beta1/projects/817409572786/sites/sal-mdjareb/versions/af3feff6b53f6e86:populateFiles [none]
[debug] [2022-04-16T23:03:06.713Z] >>> [apiv2][body] POST https://firebasehosting.googleapis.com/v1beta1/projects/817409572786/sites/sal-mdjareb/versions/af3feff6b53f6e86:populateFiles {"files":{"/asset-manifest.json":"7493effb589f3241a9b1aeed53f81a60f985b0169e890cb66f127439e1439b8e","/favicon.ico":"0626e799268ec028879f8dadf279224c6eb89fc46adca5f4f1b5af56f78411f1","/index.html":"aba3873d14b74223bfa8e25a8e497b642736dc3416329ad14b2d1b2964995c97","/manifest.json":"5c997de1364b8be939319fa9209abd77f2caf7f8844999a9e2e9173f844e7840","/robots.txt":"b2090cf9761ef60aa06e4fab97679bd43dfa5e5df073701ead5879d7c68f1ec5","/static/css/main.d9e4654b.css":"43575bc04dfa0bd0edf0947607228ed497c2590292e8e44880e2c50ea33f659d","/static/css/main.d9e4654b.css.map":"4a5484a2e1cbfbe6b862285ef6f138f5d740f345bcaede32d3526f1a6a4b88bb","/static/js/main.7a0714df.js":"39e8e03232f2031b1bd3e8e10aae7bcbb561abdb2595ec7c7e758dd9cbc5c83d","/static/js/main.7a0714df.js.LICENSE.txt":"e5a3cea87b1eb82fad6c59365df619243bbb740397ff96425be53b3cf1e6f820","/static/js/main.7a0714df.js.map":"651b9e909b16f797cf338fe6e19e999ed0e79087bb6e3c4c96fdc1282b699a71","/static/media/backpack.e8c545eecca68ebfc1dcaaad0a9e9896.svg":"1a5b5d313a6428f6dccf1b542226f41b01699fc0e9fb255fb8c6429276b8245e","/static/media/badge.c4a5b67ff48fc622f182.png":"d192743905a23abe296769374c7e4dda42520aae78fc8712b56874cc519d49ea","/static/media/chat.7425923556a70039e052.png":"af5dbc9577ecf8ba1b484bbfb849920dc7740596528126fb0e548c3832e6cab0","/static/media/check.0e163e83492acb677d72.png":"559883c6a95219afdc32a58b650d43765c3d4214ffa25cb9c71ffa3a9eec4e81","/static/media/cocaLogo.c804a600ad1c798b871a.png":"2878c827669a128f07349e5c6a502961759ef97a282710f84a6cd58eaac3a63d","/static/media/communityShare.d201951c8310b3dc5acf.jpg":"a69f9435d2130f9d8f32ba8742ff8483a6796aef4f9c85d0fd033a651b3d17f1","/static/media/easyDecision.7b5526366ec685982f06.jpg":"9ab38027eeeda66721ca441bb1c6d5fb5060f4d8a8cdae46fc1ec3591e4d9062","/static/media/join01.b621a2df8c6f26b0445c.jpg":"bd9328d364cf7a301013e1a315b4066e9426aeecfcc4707afe8ad3c3851b7621","/static/media/join02.4961ed9c9312a9086c9c.jpg":"cd793f6533bba5189a15f7d648e4be3904a1dac39d11ca16ac48214f1f4e0825","/static/media/join03.6fa985368712d8988a11.jpg":"b2abe3d10f1d53478420793f10f60b473b1901d1017213dc6f31dfc1205842a4","/static/media/Lays.8013d48a2016cb4381a3.png":"3941a83727d6016ed1caca3d5a9cd5cad613c5b59cc882a28561597ed32eb0c4","/static/media/link.0657ce38511cbb05091e.png":"8223a493e13a91046fe88ef347772af388953336da8f76662875b91bb1bc74e5","/static/media/logo-card.e2cac2af4ea2c6a5b4d1.jpg":"ac47f4a6a35d93356fd09c56a78c57409729f6b60e8c8c48067878bf9a868a32","/static/media/product01.23a5b9fbfd771038e8cc.jpg":"d5aac57a4740d56115383605c931044107b5ba2ff27aec21c7455f3bc15e5fd1","/static/media/qualityGraph.b9ec55f6b54432447cd2.jpg":"93c05bedaf666b1c38102f315ae49db904805e56643a6a038129897313e80069","/static/media/reviewer01.4257045d4e00f58d0adc.jpg":"989c411d1a95616eda3300784ba93942cebd0f821ca3d7318f4de457ad865417","/static/media/trusted.8b799cec97f44a886e8a.png":"990ee012a813486736f4b664c8420a6107463ae37efa4713cf832e4d945bc743"}}
[debug] [2022-04-16T23:03:09.343Z] <<< [apiv2][status] POST https://firebasehosting.googleapis.com/v1beta1/projects/817409572786/sites/sal-mdjareb/versions/af3feff6b53f6e86:populateFiles 200
[debug] [2022-04-16T23:03:09.344Z] <<< [apiv2][body] POST https://firebasehosting.googleapis.com/v1beta1/projects/817409572786/sites/sal-mdjareb/versions/af3feff6b53f6e86:populateFiles {"uploadRequiredHashes":["9ab38027eeeda66721ca441bb1c6d5fb5060f4d8a8cdae46fc1ec3591e4d9062","93c05bedaf666b1c38102f315ae49db904805e56643a6a038129897313e80069","651b9e909b16f797cf338fe6e19e999ed0e79087bb6e3c4c96fdc1282b699a71","39e8e03232f2031b1bd3e8e10aae7bcbb561abdb2595ec7c7e758dd9cbc5c83d","a69f9435d2130f9d8f32ba8742ff8483a6796aef4f9c85d0fd033a651b3d17f1","990ee012a813486736f4b664c8420a6107463ae37efa4713cf832e4d945bc743"],"uploadUrl":"https://upload-firebasehosting.googleapis.com/upload/sites/sal-mdjareb/versions/af3feff6b53f6e86/files"}
[debug] [2022-04-16T23:03:09.352Z] >>> [apiv2][query] POST https://upload-firebasehosting.googleapis.com/upload/sites/sal-mdjareb/versions/af3feff6b53f6e86/files/9ab38027eeeda66721ca441bb1c6d5fb5060f4d8a8cdae46fc1ec3591e4d9062 [none]
[debug] [2022-04-16T23:03:09.352Z] >>> [apiv2][body] POST https://upload-firebasehosting.googleapis.com/upload/sites/sal-mdjareb/versions/af3feff6b53f6e86/files/9ab38027eeeda66721ca441bb1c6d5fb5060f4d8a8cdae46fc1ec3591e4d9062 [stream]
[debug] [2022-04-16T23:03:09.358Z] >>> [apiv2][query] POST https://upload-firebasehosting.googleapis.com/upload/sites/sal-mdjareb/versions/af3feff6b53f6e86/files/93c05bedaf666b1c38102f315ae49db904805e56643a6a038129897313e80069 [none]
[debug] [2022-04-16T23:03:09.359Z] >>> [apiv2][body] POST https://upload-firebasehosting.googleapis.com/upload/sites/sal-mdjareb/versions/af3feff6b53f6e86/files/93c05bedaf666b1c38102f315ae49db904805e56643a6a038129897313e80069 [stream]
[debug] [2022-04-16T23:03:09.365Z] >>> [apiv2][query] POST https://upload-firebasehosting.googleapis.com/upload/sites/sal-mdjareb/versions/af3feff6b53f6e86/files/651b9e909b16f797cf338fe6e19e999ed0e79087bb6e3c4c96fdc1282b699a71 [none]
[debug] [2022-04-16T23:03:09.365Z] >>> [apiv2][body] POST https://upload-firebasehosting.googleapis.com/upload/sites/sal-mdjareb/versions/af3feff6b53f6e86/files/651b9e909b16f797cf338fe6e19e999ed0e79087bb6e3c4c96fdc1282b699a71 [stream]
[debug] [2022-04-16T23:03:09.371Z] >>> [apiv2][query] POST https://upload-firebasehosting.googleapis.com/upload/sites/sal-mdjareb/versions/af3feff6b53f6e86/files/39e8e03232f2031b1bd3e8e10aae7bcbb561abdb2595ec7c7e758dd9cbc5c83d [none]
[debug] [2022-04-16T23:03:09.371Z] >>> [apiv2][body] POST https://upload-firebasehosting.googleapis.com/upload/sites/sal-mdjareb/versions/af3feff6b53f6e86/files/39e8e03232f2031b1bd3e8e10aae7bcbb561abdb2595ec7c7e758dd9cbc5c83d [stream]
[debug] [2022-04-16T23:03:09.377Z] >>> [apiv2][query] POST https://upload-firebasehosting.googleapis.com/upload/sites/sal-mdjareb/versions/af3feff6b53f6e86/files/a69f9435d2130f9d8f32ba8742ff8483a6796aef4f9c85d0fd033a651b3d17f1 [none]
[debug] [2022-04-16T23:03:09.378Z] >>> [apiv2][body] POST https://upload-firebasehosting.googleapis.com/upload/sites/sal-mdjareb/versions/af3feff6b53f6e86/files/a69f9435d2130f9d8f32ba8742ff8483a6796aef4f9c85d0fd033a651b3d17f1 [stream]
[debug] [2022-04-16T23:03:09.384Z] >>> [apiv2][query] POST https://upload-firebasehosting.googleapis.com/upload/sites/sal-mdjareb/versions/af3feff6b53f6e86/files/990ee012a813486736f4b664c8420a6107463ae37efa4713cf832e4d945bc743 [none]
[debug] [2022-04-16T23:03:09.384Z] >>> [apiv2][body] POST https://upload-firebasehosting.googleapis.com/upload/sites/sal-mdjareb/versions/af3feff6b53f6e86/files/990ee012a813486736f4b664c8420a6107463ae37efa4713cf832e4d945bc743 [stream]
[debug] [2022-04-16T23:03:09.390Z] [hosting][populate queue][FINAL] {"max":2642,"min":2642,"avg":2642,"active":0,"complete":1,"success":1,"errored":0,"retried":0,"total":1,"elapsed":2681}
[debug] [2022-04-16T23:03:09.391Z] [hosting] uploads queued: 6
[debug] [2022-04-16T23:03:19.953Z] [uploadQueue] Retrying task 39e8e03232f2031b1bd3e8e10aae7bcbb561abdb2595ec7c7e758dd9cbc5c83d
[debug] [2022-04-16T23:03:19.957Z] >>> [apiv2][query] POST https://upload-firebasehosting.googleapis.com/upload/sites/sal-mdjareb/versions/af3feff6b53f6e86/files/39e8e03232f2031b1bd3e8e10aae7bcbb561abdb2595ec7c7e758dd9cbc5c83d [none]
[debug] [2022-04-16T23:03:19.958Z] >>> [apiv2][body] POST https://upload-firebasehosting.googleapis.com/upload/sites/sal-mdjareb/versions/af3feff6b53f6e86/files/39e8e03232f2031b1bd3e8e10aae7bcbb561abdb2595ec7c7e758dd9cbc5c83d [stream]
[debug] [2022-04-16T23:03:39.766Z] [uploadQueue] Retrying task 9ab38027eeeda66721ca441bb1c6d5fb5060f4d8a8cdae46fc1ec3591e4d9062
[debug] [2022-04-16T23:03:39.768Z] >>> [apiv2][query] POST https://upload-firebasehosting.googleapis.com/upload/sites/sal-mdjareb/versions/af3feff6b53f6e86/files/9ab38027eeeda66721ca441bb1c6d5fb5060f4d8a8cdae46fc1ec3591e4d9062 [none]
[debug] [2022-04-16T23:03:39.769Z] >>> [apiv2][body] POST https://upload-firebasehosting.googleapis.com/upload/sites/sal-mdjareb/versions/af3feff6b53f6e86/files/9ab38027eeeda66721ca441bb1c6d5fb5060f4d8a8cdae46fc1ec3591e4d9062 [stream]
[debug] [2022-04-16T23:03:39.777Z] [uploadQueue] Retrying task a69f9435d2130f9d8f32ba8742ff8483a6796aef4f9c85d0fd033a651b3d17f1
[debug] [2022-04-16T23:03:39.779Z] >>> [apiv2][query] POST https://upload-firebasehosting.googleapis.com/upload/sites/sal-mdjareb/versions/af3feff6b53f6e86/files/a69f9435d2130f9d8f32ba8742ff8483a6796aef4f9c85d0fd033a651b3d17f1 [none]
[debug] [2022-04-16T23:03:39.779Z] >>> [apiv2][body] POST https://upload-firebasehosting.googleapis.com/upload/sites/sal-mdjareb/versions/af3feff6b53f6e86/files/a69f9435d2130f9d8f32ba8742ff8483a6796aef4f9c85d0fd033a651b3d17f1 [stream]
[debug] [2022-04-16T23:03:51.474Z] [uploadQueue] Retrying task 990ee012a813486736f4b664c8420a6107463ae37efa4713cf832e4d945bc743
[debug] [2022-04-16T23:03:51.476Z] >>> [apiv2][query] POST https://upload-firebasehosting.googleapis.com/upload/sites/sal-mdjareb/versions/af3feff6b53f6e86/files/990ee012a813486736f4b664c8420a6107463ae37efa4713cf832e4d945bc743 [none]
[debug] [2022-04-16T23:03:51.476Z] >>> [apiv2][body] POST https://upload-firebasehosting.googleapis.com/upload/sites/sal-mdjareb/versions/af3feff6b53f6e86/files/990ee012a813486736f4b664c8420a6107463ae37efa4713cf832e4d945bc743 [stream]
[debug] [2022-04-16T23:04:10.589Z] [uploadQueue] Retrying task 9ab38027eeeda66721ca441bb1c6d5fb5060f4d8a8cdae46fc1ec3591e4d9062
[debug] [2022-04-16T23:04:10.591Z] >>> [apiv2][query] POST https://upload-firebasehosting.googleapis.com/upload/sites/sal-mdjareb/versions/af3feff6b53f6e86/files/9ab38027eeeda66721ca441bb1c6d5fb5060f4d8a8cdae46fc1ec3591e4d9062 [none]
[debug] [2022-04-16T23:04:10.591Z] >>> [apiv2][body] POST https://upload-firebasehosting.googleapis.com/upload/sites/sal-mdjareb/versions/af3feff6b53f6e86/files/9ab38027eeeda66721ca441bb1c6d5fb5060f4d8a8cdae46fc1ec3591e4d9062 [stream]
[debug] [2022-04-16T23:04:10.598Z] [uploadQueue] Retrying task a69f9435d2130f9d8f32ba8742ff8483a6796aef4f9c85d0fd033a651b3d17f1
[debug] [2022-04-16T23:04:10.600Z] >>> [apiv2][query] POST https://upload-firebasehosting.googleapis.com/upload/sites/sal-mdjareb/versions/af3feff6b53f6e86/files/a69f9435d2130f9d8f32ba8742ff8483a6796aef4f9c85d0fd033a651b3d17f1 [none]
[debug] [2022-04-16T23:04:10.600Z] >>> [apiv2][body] POST https://upload-firebasehosting.googleapis.com/upload/sites/sal-mdjareb/versions/af3feff6b53f6e86/files/a69f9435d2130f9d8f32ba8742ff8483a6796aef4f9c85d0fd033a651b3d17f1 [stream]
[debug] [2022-04-16T23:04:33.989Z] [uploadQueue] Retrying task 990ee012a813486736f4b664c8420a6107463ae37efa4713cf832e4d945bc743
[debug] [2022-04-16T23:04:33.990Z] >>> [apiv2][query] POST https://upload-firebasehosting.googleapis.com/upload/sites/sal-mdjareb/versions/af3feff6b53f6e86/files/990ee012a813486736f4b664c8420a6107463ae37efa4713cf832e4d945bc743 [none]
[debug] [2022-04-16T23:04:33.991Z] >>> [apiv2][body] POST https://upload-firebasehosting.googleapis.com/upload/sites/sal-mdjareb/versions/af3feff6b53f6e86/files/990ee012a813486736f4b664c8420a6107463ae37efa4713cf832e4d945bc743 [stream]
[debug] [2022-04-16T23:04:37.097Z] [uploadQueue] Retrying task 39e8e03232f2031b1bd3e8e10aae7bcbb561abdb2595ec7c7e758dd9cbc5c83d
[debug] [2022-04-16T23:04:37.099Z] >>> [apiv2][query] POST https://upload-firebasehosting.googleapis.com/upload/sites/sal-mdjareb/versions/af3feff6b53f6e86/files/39e8e03232f2031b1bd3e8e10aae7bcbb561abdb2595ec7c7e758dd9cbc5c83d [none]
[debug] [2022-04-16T23:04:37.099Z] >>> [apiv2][body] POST https://upload-firebasehosting.googleapis.com/upload/sites/sal-mdjareb/versions/af3feff6b53f6e86/files/39e8e03232f2031b1bd3e8e10aae7bcbb561abdb2595ec7c7e758dd9cbc5c83d [stream]
[debug] [2022-04-16T23:04:42.210Z] [uploadQueue] Retrying task 9ab38027eeeda66721ca441bb1c6d5fb5060f4d8a8cdae46fc1ec3591e4d9062
[debug] [2022-04-16T23:04:42.211Z] >>> [apiv2][query] POST https://upload-firebasehosting.googleapis.com/upload/sites/sal-mdjareb/versions/af3feff6b53f6e86/files/9ab38027eeeda66721ca441bb1c6d5fb5060f4d8a8cdae46fc1ec3591e4d9062 [none]
[debug] [2022-04-16T23:04:42.212Z] >>> [apiv2][body] POST https://upload-firebasehosting.googleapis.com/upload/sites/sal-mdjareb/versions/af3feff6b53f6e86/files/9ab38027eeeda66721ca441bb1c6d5fb5060f4d8a8cdae46fc1ec3591e4d9062 [stream]
[debug] [2022-04-16T23:04:42.218Z] [uploadQueue] Retrying task a69f9435d2130f9d8f32ba8742ff8483a6796aef4f9c85d0fd033a651b3d17f1
[debug] [2022-04-16T23:04:42.219Z] >>> [apiv2][query] POST https://upload-firebasehosting.googleapis.com/upload/sites/sal-mdjareb/versions/af3feff6b53f6e86/files/a69f9435d2130f9d8f32ba8742ff8483a6796aef4f9c85d0fd033a651b3d17f1 [none]
[debug] [2022-04-16T23:04:42.220Z] >>> [apiv2][body] POST https://upload-firebasehosting.googleapis.com/upload/sites/sal-mdjareb/versions/af3feff6b53f6e86/files/a69f9435d2130f9d8f32ba8742ff8483a6796aef4f9c85d0fd033a651b3d17f1 [stream]
[debug] [2022-04-16T23:05:05.694Z] [uploadQueue] Retrying task a69f9435d2130f9d8f32ba8742ff8483a6796aef4f9c85d0fd033a651b3d17f1
[debug] [2022-04-16T23:05:05.696Z] >>> [apiv2][query] POST https://upload-firebasehosting.googleapis.com/upload/sites/sal-mdjareb/versions/af3feff6b53f6e86/files/a69f9435d2130f9d8f32ba8742ff8483a6796aef4f9c85d0fd033a651b3d17f1 [none]
[debug] [2022-04-16T23:05:05.696Z] >>> [apiv2][body] POST https://upload-firebasehosting.googleapis.com/upload/sites/sal-mdjareb/versions/af3feff6b53f6e86/files/a69f9435d2130f9d8f32ba8742ff8483a6796aef4f9c85d0fd033a651b3d17f1 [stream]
[debug] [2022-04-16T23:05:11.446Z] [uploadQueue] Retrying task 93c05bedaf666b1c38102f315ae49db904805e56643a6a038129897313e80069
[debug] [2022-04-16T23:05:11.448Z] >>> [apiv2][query] POST https://upload-firebasehosting.googleapis.com/upload/sites/sal-mdjareb/versions/af3feff6b53f6e86/files/93c05bedaf666b1c38102f315ae49db904805e56643a6a038129897313e80069 [none]
[debug] [2022-04-16T23:05:11.448Z] >>> [apiv2][body] POST https://upload-firebasehosting.googleapis.com/upload/sites/sal-mdjareb/versions/af3feff6b53f6e86/files/93c05bedaf666b1c38102f315ae49db904805e56643a6a038129897313e80069 [stream]
[debug] [2022-04-16T23:05:15.427Z] [uploadQueue] Retrying task 9ab38027eeeda66721ca441bb1c6d5fb5060f4d8a8cdae46fc1ec3591e4d9062
[debug] [2022-04-16T23:05:15.430Z] >>> [apiv2][query] POST https://upload-firebasehosting.googleapis.com/upload/sites/sal-mdjareb/versions/af3feff6b53f6e86/files/9ab38027eeeda66721ca441bb1c6d5fb5060f4d8a8cdae46fc1ec3591e4d9062 [none]
[debug] [2022-04-16T23:05:15.430Z] >>> [apiv2][body] POST https://upload-firebasehosting.googleapis.com/upload/sites/sal-mdjareb/versions/af3feff6b53f6e86/files/9ab38027eeeda66721ca441bb1c6d5fb5060f4d8a8cdae46fc1ec3591e4d9062 [stream]
[debug] [2022-04-16T23:05:17.302Z] [uploadQueue] Retrying task 990ee012a813486736f4b664c8420a6107463ae37efa4713cf832e4d945bc743
[debug] [2022-04-16T23:05:17.303Z] >>> [apiv2][query] POST https://upload-firebasehosting.googleapis.com/upload/sites/sal-mdjareb/versions/af3feff6b53f6e86/files/990ee012a813486736f4b664c8420a6107463ae37efa4713cf832e4d945bc743 [none]
[debug] [2022-04-16T23:05:17.303Z] >>> [apiv2][body] POST https://upload-firebasehosting.googleapis.com/upload/sites/sal-mdjareb/versions/af3feff6b53f6e86/files/990ee012a813486736f4b664c8420a6107463ae37efa4713cf832e4d945bc743 [stream]
[debug] [2022-04-16T23:05:42.120Z] [uploadQueue] Retrying task a69f9435d2130f9d8f32ba8742ff8483a6796aef4f9c85d0fd033a651b3d17f1
[debug] [2022-04-16T23:05:42.121Z] >>> [apiv2][query] POST https://upload-firebasehosting.googleapis.com/upload/sites/sal-mdjareb/versions/af3feff6b53f6e86/files/a69f9435d2130f9d8f32ba8742ff8483a6796aef4f9c85d0fd033a651b3d17f1 [none]
[debug] [2022-04-16T23:05:42.121Z] >>> [apiv2][body] POST https://upload-firebasehosting.googleapis.com/upload/sites/sal-mdjareb/versions/af3feff6b53f6e86/files/a69f9435d2130f9d8f32ba8742ff8483a6796aef4f9c85d0fd033a651b3d17f1 [stream]
